2021-12-10 11:39:42,183 file.manager INFO 1.2.1
2021-12-10 11:39:42,183 file.manager INFO Copyright (C) 2003-2010
2021-12-10 11:39:42,183 file.manager INFO   Noriaki Ando
2021-12-10 11:39:42,183 file.manager INFO   Intelligent Systems Research Institute, AIST
2021-12-10 11:39:42,183 file.manager INFO Manager starting.
2021-12-10 11:39:42,183 file.manager INFO Starting local logging.
2021-12-10 11:39:42,187 file.manager.namingmanager INFO NameServer connection succeeded: corba/localhost
2021-12-10 11:39:46,270 file.ManagerServant INFO Master manager not found
2021-12-10 11:39:46,275 file.LocalServiceAdmin INFO All the local services are enabled.
2021-12-10 11:39:46,281 file.manager INFO Component type conf file: WebScraping1.conf loaded.
2021-12-10 11:39:46,285 file.ec_base INFO setRate(1000000.000000) done
2021-12-10 11:39:46,286 file.ec_base INFO setRate(1000.000000) done
2021-12-10 11:39:46,286 file.rtobject INFO 1 execution context was created.
2021-12-10 11:39:46,288 file.rtobject INFO Initial active configuration set is default.
2021-12-10 11:39:56,641 file.SdoServiceAdmin WARNING No available SDO service in the factory: 
2021-12-10 11:39:56,641 file.SdoServiceAdmin ERROR type  already exists.
2021-12-10 11:39:58,506 file.ec_base WARNING The component is not responding.
2021-12-10 11:39:58,507 file.ec_base ERROR Unknown error: Invalid state transition.
2021-12-10 11:40:01,021 file.ManagerServant INFO Master manager not found
2021-12-10 11:40:15,897 file.ManagerServant INFO Master manager not found
2021-12-10 11:40:29,389 file.rtobject ERROR Traceback (most recent call last):
  File "C:\Users\tbou3\AppData\Local\Programs\Python\Python37\lib\site-packages\OpenRTM_aist\RTObject.py", line 1571, in on_execute
    ret = self.onExecute(ec_id)
  File "C:\Users\tbou3\workspace\WebScraping1\WebScraping1.py", line 225, in onExecute
    tex = element2.text
AttributeError: 'NoneType' object has no attribute 'text'

2021-12-10 11:40:29,390 file.rtobject ERROR Traceback (most recent call last):
  File "C:\Users\tbou3\AppData\Local\Programs\Python\Python37\lib\site-packages\OpenRTM_aist\RTObject.py", line 1370, in on_deactivated
    ret = self.onDeactivated(ec_id)
  File "C:\Users\tbou3\workspace\WebScraping1\WebScraping1.py", line 207, in onDeactivated
    driver.close()
NameError: name 'driver' is not defined

2021-12-10 11:40:30,765 file.ManagerServant INFO Master manager not found
