2021-12-10 14:41:15,897 file.manager INFO 1.2.1
2021-12-10 14:41:15,897 file.manager INFO Copyright (C) 2003-2010
2021-12-10 14:41:15,897 file.manager INFO   Noriaki Ando
2021-12-10 14:41:15,897 file.manager INFO   Intelligent Systems Research Institute, AIST
2021-12-10 14:41:15,897 file.manager INFO Manager starting.
2021-12-10 14:41:15,897 file.manager INFO Starting local logging.
2021-12-10 14:41:15,902 file.manager.namingmanager INFO NameServer connection succeeded: corba/localhost
2021-12-10 14:41:19,971 file.ManagerServant INFO Master manager not found
2021-12-10 14:41:19,972 file.LocalServiceAdmin INFO All the local services are enabled.
2021-12-10 14:41:19,973 file.manager INFO Component type conf file: WebScraping2.conf loaded.
2021-12-10 14:41:19,981 file.ec_base INFO setRate(1000000.000000) done
2021-12-10 14:41:19,981 file.ec_base INFO setRate(1000.000000) done
2021-12-10 14:41:19,981 file.rtobject INFO 1 execution context was created.
2021-12-10 14:41:19,982 file.rtobject INFO Initial active configuration set is default.
2021-12-10 14:41:34,695 file.ManagerServant INFO Master manager not found
2021-12-10 14:41:49,522 file.ManagerServant INFO Master manager not found
2021-12-10 14:42:04,384 file.ManagerServant INFO Master manager not found
2021-12-10 14:42:19,215 file.ManagerServant INFO Master manager not found
2021-12-10 14:42:34,057 file.ManagerServant INFO Master manager not found
2021-12-10 14:42:48,926 file.ManagerServant INFO Master manager not found
2021-12-10 14:43:03,820 file.ManagerServant INFO Master manager not found
2021-12-10 14:43:18,691 file.ManagerServant INFO Master manager not found
2021-12-10 14:43:33,638 file.ManagerServant INFO Master manager not found
2021-12-10 14:43:48,587 file.ManagerServant INFO Master manager not found
2021-12-10 14:44:03,523 file.ManagerServant INFO Master manager not found
2021-12-10 14:44:18,475 file.ManagerServant INFO Master manager not found
2021-12-10 14:44:33,415 file.ManagerServant INFO Master manager not found
2021-12-10 14:44:48,367 file.ManagerServant INFO Master manager not found
2021-12-10 14:45:03,305 file.ManagerServant INFO Master manager not found
2021-12-10 14:45:18,334 file.ManagerServant INFO Master manager not found
2021-12-10 14:45:33,276 file.ManagerServant INFO Master manager not found
2021-12-10 14:45:48,203 file.ManagerServant INFO Master manager not found
2021-12-10 14:46:03,139 file.ManagerServant INFO Master manager not found
2021-12-10 14:46:18,086 file.ManagerServant INFO Master manager not found
2021-12-10 14:46:33,033 file.ManagerServant INFO Master manager not found
2021-12-10 14:46:47,972 file.ManagerServant INFO Master manager not found
2021-12-10 14:47:02,910 file.ManagerServant INFO Master manager not found
2021-12-10 14:47:17,850 file.ManagerServant INFO Master manager not found
2021-12-10 14:47:32,791 file.ManagerServant INFO Master manager not found
2021-12-10 14:47:47,728 file.ManagerServant INFO Master manager not found
2021-12-10 14:48:02,668 file.ManagerServant INFO Master manager not found
2021-12-10 14:48:17,625 file.ManagerServant INFO Master manager not found
2021-12-10 14:48:32,563 file.ManagerServant INFO Master manager not found
2021-12-10 14:48:47,502 file.ManagerServant INFO Master manager not found
2021-12-10 14:49:02,458 file.ManagerServant INFO Master manager not found
2021-12-10 14:49:17,399 file.ManagerServant INFO Master manager not found
2021-12-10 14:49:32,339 file.ManagerServant INFO Master manager not found
2021-12-10 14:49:47,276 file.ManagerServant INFO Master manager not found
2021-12-10 14:50:02,221 file.ManagerServant INFO Master manager not found
2021-12-10 14:50:17,159 file.ManagerServant INFO Master manager not found
2021-12-10 14:50:32,099 file.ManagerServant INFO Master manager not found
2021-12-10 14:50:47,056 file.ManagerServant INFO Master manager not found
2021-12-10 14:51:01,983 file.ManagerServant INFO Master manager not found
2021-12-10 14:51:16,923 file.ManagerServant INFO Master manager not found
2021-12-10 14:51:31,883 file.ManagerServant INFO Master manager not found
2021-12-10 14:51:46,818 file.ManagerServant INFO Master manager not found
2021-12-10 14:52:01,781 file.ManagerServant INFO Master manager not found
2021-12-10 14:52:16,716 file.ManagerServant INFO Master manager not found
2021-12-10 14:52:31,670 file.ManagerServant INFO Master manager not found
2021-12-10 14:52:46,604 file.ManagerServant INFO Master manager not found
2021-12-10 14:53:01,536 file.ManagerServant INFO Master manager not found
2021-12-10 14:53:15,460 file.SdoServiceAdmin WARNING No available SDO service in the factory: 
2021-12-10 14:53:15,460 file.SdoServiceAdmin ERROR type  already exists.
2021-12-10 14:53:16,466 file.ManagerServant INFO Master manager not found
2021-12-10 14:53:31,395 file.ManagerServant INFO Master manager not found
2021-12-10 14:53:46,325 file.ManagerServant INFO Master manager not found
2021-12-10 14:54:01,270 file.ManagerServant INFO Master manager not found
2021-12-10 14:54:16,220 file.ManagerServant INFO Master manager not found
2021-12-10 14:54:31,160 file.ManagerServant INFO Master manager not found
2021-12-10 14:54:46,099 file.ManagerServant INFO Master manager not found
2021-12-10 14:54:58,183 file.ec_base WARNING The component is not responding.
2021-12-10 14:54:58,183 file.ec_base ERROR Unknown error: Invalid state transition.
2021-12-10 14:55:01,028 file.ManagerServant INFO Master manager not found
2021-12-10 14:55:15,882 file.ManagerServant INFO Master manager not found
2021-12-10 14:55:30,742 file.ManagerServant INFO Master manager not found
2021-12-10 14:55:45,929 file.ManagerServant INFO Master manager not found
2021-12-10 14:56:00,783 file.ManagerServant INFO Master manager not found
2021-12-10 14:56:15,629 file.ManagerServant INFO Master manager not found
2021-12-10 14:56:30,484 file.ManagerServant INFO Master manager not found
2021-12-10 14:56:45,349 file.ManagerServant INFO Master manager not found
2021-12-10 14:57:00,212 file.ManagerServant INFO Master manager not found
2021-12-10 14:57:15,084 file.ManagerServant INFO Master manager not found
2021-12-10 14:57:29,948 file.ManagerServant INFO Master manager not found
2021-12-10 14:57:44,821 file.ManagerServant INFO Master manager not found
2021-12-10 14:57:59,686 file.ManagerServant INFO Master manager not found
2021-12-10 14:58:14,546 file.ManagerServant INFO Master manager not found
2021-12-10 14:58:29,405 file.ManagerServant INFO Master manager not found
2021-12-10 14:58:44,532 file.ManagerServant INFO Master manager not found
2021-12-10 14:58:59,401 file.ManagerServant INFO Master manager not found
2021-12-10 14:59:14,285 file.ManagerServant INFO Master manager not found
2021-12-10 14:59:29,155 file.ManagerServant INFO Master manager not found
2021-12-10 14:59:44,019 file.ManagerServant INFO Master manager not found
2021-12-10 14:59:58,880 file.ManagerServant INFO Master manager not found
2021-12-10 15:00:14,284 file.ManagerServant INFO Master manager not found
2021-12-10 15:00:29,166 file.ManagerServant INFO Master manager not found
2021-12-10 15:00:44,059 file.ManagerServant INFO Master manager not found
2021-12-10 15:00:59,131 file.ManagerServant INFO Master manager not found
2021-12-10 15:01:14,019 file.ManagerServant INFO Master manager not found
2021-12-10 15:01:29,073 file.ManagerServant INFO Master manager not found
2021-12-10 15:01:43,966 file.ManagerServant INFO Master manager not found
2021-12-10 15:01:59,170 file.ManagerServant INFO Master manager not found
2021-12-10 15:02:15,027 file.ManagerServant INFO Master manager not found
2021-12-10 15:02:29,919 file.ManagerServant INFO Master manager not found
2021-12-10 15:02:45,327 file.ManagerServant INFO Master manager not found
2021-12-10 15:03:00,222 file.ManagerServant INFO Master manager not found
2021-12-10 15:03:15,666 file.ManagerServant INFO Master manager not found
2021-12-10 15:03:30,549 file.ManagerServant INFO Master manager not found
2021-12-10 15:03:45,432 file.ManagerServant INFO Master manager not found
2021-12-10 15:04:00,937 file.ManagerServant INFO Master manager not found
2021-12-10 15:04:15,881 file.ManagerServant INFO Master manager not found
2021-12-10 15:04:30,791 file.ManagerServant INFO Master manager not found
2021-12-10 15:04:45,703 file.ManagerServant INFO Master manager not found
2021-12-10 15:05:00,613 file.ManagerServant INFO Master manager not found
2021-12-10 15:05:15,544 file.ManagerServant INFO Master manager not found
2021-12-10 15:05:30,456 file.ManagerServant INFO Master manager not found
2021-12-10 15:05:45,377 file.ManagerServant INFO Master manager not found
2021-12-10 15:06:00,295 file.ManagerServant INFO Master manager not found
2021-12-10 15:06:15,203 file.ManagerServant INFO Master manager not found
2021-12-10 15:06:30,145 file.ManagerServant INFO Master manager not found
2021-12-10 15:06:45,078 file.ManagerServant INFO Master manager not found
2021-12-10 15:07:00,019 file.ManagerServant INFO Master manager not found
2021-12-10 15:07:14,945 file.ManagerServant INFO Master manager not found
2021-12-10 15:07:29,879 file.ManagerServant INFO Master manager not found
2021-12-10 15:07:44,800 file.ManagerServant INFO Master manager not found
2021-12-10 15:07:59,728 file.ManagerServant INFO Master manager not found
2021-12-10 15:08:14,660 file.ManagerServant INFO Master manager not found
2021-12-10 15:08:29,593 file.ManagerServant INFO Master manager not found
2021-12-10 15:08:44,534 file.ManagerServant INFO Master manager not found
2021-12-10 15:08:59,448 file.ManagerServant INFO Master manager not found
2021-12-10 15:09:14,383 file.ManagerServant INFO Master manager not found
2021-12-10 15:09:29,315 file.ManagerServant INFO Master manager not found
2021-12-10 15:09:44,250 file.ManagerServant INFO Master manager not found
2021-12-10 15:09:59,182 file.ManagerServant INFO Master manager not found
2021-12-10 15:10:14,110 file.ManagerServant INFO Master manager not found
2021-12-10 15:10:29,038 file.ManagerServant INFO Master manager not found
2021-12-10 15:10:43,964 file.ManagerServant INFO Master manager not found
2021-12-10 15:10:58,899 file.ManagerServant INFO Master manager not found
2021-12-10 15:11:13,833 file.ManagerServant INFO Master manager not found
2021-12-10 15:11:28,761 file.ManagerServant INFO Master manager not found
2021-12-10 15:11:43,693 file.ManagerServant INFO Master manager not found
2021-12-10 15:11:58,622 file.ManagerServant INFO Master manager not found
2021-12-10 15:12:13,572 file.ManagerServant INFO Master manager not found
2021-12-10 15:12:28,522 file.ManagerServant INFO Master manager not found
2021-12-10 15:12:43,454 file.ManagerServant INFO Master manager not found
2021-12-10 15:12:58,389 file.ManagerServant INFO Master manager not found
2021-12-10 15:13:13,314 file.ManagerServant INFO Master manager not found
2021-12-10 15:13:28,245 file.ManagerServant INFO Master manager not found
2021-12-10 15:13:43,177 file.ManagerServant INFO Master manager not found
2021-12-10 15:13:58,106 file.ManagerServant INFO Master manager not found
2021-12-10 15:14:13,038 file.ManagerServant INFO Master manager not found
2021-12-10 15:14:27,974 file.ManagerServant INFO Master manager not found
2021-12-10 15:14:42,910 file.ManagerServant INFO Master manager not found
2021-12-10 15:14:57,839 file.ManagerServant INFO Master manager not found
2021-12-10 15:15:12,770 file.ManagerServant INFO Master manager not found
2021-12-10 15:15:27,700 file.ManagerServant INFO Master manager not found
2021-12-10 15:15:42,633 file.ManagerServant INFO Master manager not found
2021-12-10 15:15:57,562 file.ManagerServant INFO Master manager not found
2021-12-10 15:16:12,495 file.ManagerServant INFO Master manager not found
2021-12-10 15:16:27,427 file.ManagerServant INFO Master manager not found
2021-12-10 15:16:42,355 file.ManagerServant INFO Master manager not found
2021-12-10 15:16:57,286 file.ManagerServant INFO Master manager not found
2021-12-10 15:17:12,217 file.ManagerServant INFO Master manager not found
2021-12-10 15:17:27,149 file.ManagerServant INFO Master manager not found
2021-12-10 15:17:42,083 file.ManagerServant INFO Master manager not found
2021-12-10 15:17:57,024 file.ManagerServant INFO Master manager not found
2021-12-10 15:18:11,978 file.ManagerServant INFO Master manager not found
2021-12-10 15:18:26,916 file.ManagerServant INFO Master manager not found
2021-12-10 15:18:41,858 file.ManagerServant INFO Master manager not found
2021-12-10 15:18:56,784 file.ManagerServant INFO Master manager not found
2021-12-10 15:19:11,712 file.ManagerServant INFO Master manager not found
2021-12-10 15:19:26,648 file.ManagerServant INFO Master manager not found
2021-12-10 15:19:41,567 file.ManagerServant INFO Master manager not found
2021-12-10 15:19:56,495 file.ManagerServant INFO Master manager not found
2021-12-10 15:20:11,430 file.ManagerServant INFO Master manager not found
2021-12-10 15:20:26,363 file.ManagerServant INFO Master manager not found
2021-12-10 15:20:41,291 file.ManagerServant INFO Master manager not found
2021-12-10 15:20:56,201 file.ManagerServant INFO Master manager not found
2021-12-10 15:21:11,132 file.ManagerServant INFO Master manager not found
2021-12-10 15:21:26,059 file.ManagerServant INFO Master manager not found
2021-12-10 15:21:40,991 file.ManagerServant INFO Master manager not found
2021-12-10 15:21:55,923 file.ManagerServant INFO Master manager not found
2021-12-10 15:22:10,857 file.ManagerServant INFO Master manager not found
2021-12-10 15:22:25,795 file.ManagerServant INFO Master manager not found
2021-12-10 15:22:40,730 file.ManagerServant INFO Master manager not found
2021-12-10 15:22:55,671 file.ManagerServant INFO Master manager not found
2021-12-10 15:23:10,608 file.ManagerServant INFO Master manager not found
2021-12-10 15:23:25,549 file.ManagerServant INFO Master manager not found
2021-12-10 15:23:40,483 file.ManagerServant INFO Master manager not found
2021-12-10 15:23:55,422 file.ManagerServant INFO Master manager not found
2021-12-10 15:24:10,359 file.ManagerServant INFO Master manager not found
2021-12-10 15:24:25,298 file.ManagerServant INFO Master manager not found
2021-12-10 15:24:40,236 file.ManagerServant INFO Master manager not found
2021-12-10 15:24:55,186 file.ManagerServant INFO Master manager not found
2021-12-10 15:25:10,098 file.ManagerServant INFO Master manager not found
2021-12-10 15:25:25,048 file.ManagerServant INFO Master manager not found
2021-12-10 15:25:39,982 file.ManagerServant INFO Master manager not found
2021-12-10 15:25:54,917 file.ManagerServant INFO Master manager not found
2021-12-10 15:26:09,853 file.ManagerServant INFO Master manager not found
2021-12-10 15:26:24,789 file.ManagerServant INFO Master manager not found
2021-12-10 15:26:39,725 file.ManagerServant INFO Master manager not found
2021-12-10 15:26:54,654 file.ManagerServant INFO Master manager not found
2021-12-10 15:27:09,601 file.ManagerServant INFO Master manager not found
2021-12-10 15:27:24,520 file.ManagerServant INFO Master manager not found
2021-12-10 15:27:39,445 file.ManagerServant INFO Master manager not found
2021-12-10 15:27:54,375 file.ManagerServant INFO Master manager not found
2021-12-10 15:28:09,301 file.ManagerServant INFO Master manager not found
2021-12-10 15:28:24,220 file.ManagerServant INFO Master manager not found
2021-12-10 15:28:39,157 file.ManagerServant INFO Master manager not found
2021-12-10 15:28:54,110 file.ManagerServant INFO Master manager not found
2021-12-10 15:29:09,048 file.ManagerServant INFO Master manager not found
2021-12-10 15:29:23,988 file.ManagerServant INFO Master manager not found
2021-12-10 15:29:38,930 file.ManagerServant INFO Master manager not found
2021-12-10 15:29:53,870 file.ManagerServant INFO Master manager not found
2021-12-10 15:30:08,810 file.ManagerServant INFO Master manager not found
2021-12-10 15:30:23,748 file.ManagerServant INFO Master manager not found
2021-12-10 15:30:38,687 file.ManagerServant INFO Master manager not found
2021-12-10 15:30:53,629 file.ManagerServant INFO Master manager not found
2021-12-10 15:31:08,568 file.ManagerServant INFO Master manager not found
2021-12-10 15:31:23,505 file.ManagerServant INFO Master manager not found
2021-12-10 15:31:38,446 file.ManagerServant INFO Master manager not found
2021-12-10 15:31:53,385 file.ManagerServant INFO Master manager not found
2021-12-10 15:32:08,325 file.ManagerServant INFO Master manager not found
2021-12-10 15:32:23,263 file.ManagerServant INFO Master manager not found
2021-12-10 15:32:38,202 file.ManagerServant INFO Master manager not found
2021-12-10 15:32:53,142 file.ManagerServant INFO Master manager not found
2021-12-10 15:33:08,096 file.ManagerServant INFO Master manager not found
2021-12-10 15:33:23,036 file.ManagerServant INFO Master manager not found
2021-12-10 15:33:38,007 file.ManagerServant INFO Master manager not found
2021-12-10 15:33:52,948 file.ManagerServant INFO Master manager not found
2021-12-10 15:34:07,889 file.ManagerServant INFO Master manager not found
2021-12-10 15:34:22,829 file.ManagerServant INFO Master manager not found
2021-12-10 15:34:37,786 file.ManagerServant INFO Master manager not found
2021-12-10 15:34:52,726 file.ManagerServant INFO Master manager not found
2021-12-10 15:35:07,667 file.ManagerServant INFO Master manager not found
2021-12-10 15:35:22,603 file.ManagerServant INFO Master manager not found
2021-12-10 15:35:37,541 file.ManagerServant INFO Master manager not found
2021-12-10 15:35:52,481 file.ManagerServant INFO Master manager not found
2021-12-10 15:36:07,422 file.ManagerServant INFO Master manager not found
2021-12-10 15:36:22,364 file.ManagerServant INFO Master manager not found
2021-12-10 15:36:37,305 file.ManagerServant INFO Master manager not found
2021-12-10 15:36:52,245 file.ManagerServant INFO Master manager not found
2021-12-10 15:37:07,215 file.ManagerServant INFO Master manager not found
2021-12-10 15:37:22,164 file.ManagerServant INFO Master manager not found
2021-12-10 15:37:37,096 file.ManagerServant INFO Master manager not found
2021-12-10 15:37:52,016 file.ManagerServant INFO Master manager not found
2021-12-10 15:38:06,965 file.ManagerServant INFO Master manager not found
2021-12-10 15:38:21,900 file.ManagerServant INFO Master manager not found
2021-12-10 15:38:36,854 file.ManagerServant INFO Master manager not found
2021-12-10 15:38:51,808 file.ManagerServant INFO Master manager not found
2021-12-10 15:39:06,747 file.ManagerServant INFO Master manager not found
2021-12-10 15:39:21,705 file.ManagerServant INFO Master manager not found
2021-12-10 15:39:36,646 file.ManagerServant INFO Master manager not found
2021-12-10 15:39:51,587 file.ManagerServant INFO Master manager not found
2021-12-10 15:40:06,526 file.ManagerServant INFO Master manager not found
2021-12-10 15:40:21,465 file.ManagerServant INFO Master manager not found
2021-12-10 15:40:36,399 file.ManagerServant INFO Master manager not found
2021-12-10 15:40:51,315 file.ManagerServant INFO Master manager not found
2021-12-10 15:41:06,260 file.ManagerServant INFO Master manager not found
2021-12-10 15:41:21,196 file.ManagerServant INFO Master manager not found
2021-12-10 15:41:36,131 file.ManagerServant INFO Master manager not found
2021-12-10 15:41:51,065 file.ManagerServant INFO Master manager not found
2021-12-10 15:42:05,997 file.ManagerServant INFO Master manager not found
2021-12-10 15:42:20,930 file.ManagerServant INFO Master manager not found
2021-12-10 15:42:35,885 file.ManagerServant INFO Master manager not found
2021-12-10 15:42:50,825 file.ManagerServant INFO Master manager not found
2021-12-10 15:43:05,795 file.ManagerServant INFO Master manager not found
2021-12-10 15:43:20,737 file.ManagerServant INFO Master manager not found
2021-12-10 15:43:35,692 file.ManagerServant INFO Master manager not found
2021-12-10 15:43:50,634 file.ManagerServant INFO Master manager not found
2021-12-10 15:44:05,572 file.ManagerServant INFO Master manager not found
2021-12-10 15:44:20,513 file.ManagerServant INFO Master manager not found
2021-12-10 15:44:35,454 file.ManagerServant INFO Master manager not found
2021-12-10 15:44:50,395 file.ManagerServant INFO Master manager not found
2021-12-10 15:45:05,333 file.ManagerServant INFO Master manager not found
2021-12-10 15:45:20,273 file.ManagerServant INFO Master manager not found
2021-12-10 15:45:35,212 file.ManagerServant INFO Master manager not found
2021-12-10 15:45:50,166 file.ManagerServant INFO Master manager not found
2021-12-10 15:46:05,123 file.ManagerServant INFO Master manager not found
2021-12-10 15:46:20,063 file.ManagerServant INFO Master manager not found
2021-12-10 15:46:35,003 file.ManagerServant INFO Master manager not found
2021-12-10 15:46:49,951 file.ManagerServant INFO Master manager not found
2021-12-10 15:47:04,897 file.ManagerServant INFO Master manager not found
2021-12-10 15:47:19,833 file.ManagerServant INFO Master manager not found
2021-12-10 15:47:34,773 file.ManagerServant INFO Master manager not found
2021-12-10 15:47:49,713 file.ManagerServant INFO Master manager not found
2021-12-10 15:48:04,669 file.ManagerServant INFO Master manager not found
2021-12-10 15:48:19,609 file.ManagerServant INFO Master manager not found
2021-12-10 15:48:34,550 file.ManagerServant INFO Master manager not found
2021-12-10 15:48:49,484 file.ManagerServant INFO Master manager not found
2021-12-10 15:49:04,419 file.ManagerServant INFO Master manager not found
2021-12-10 15:49:19,354 file.ManagerServant INFO Master manager not found
2021-12-10 15:49:34,304 file.ManagerServant INFO Master manager not found
2021-12-10 15:49:49,233 file.ManagerServant INFO Master manager not found
2021-12-10 15:50:04,155 file.ManagerServant INFO Master manager not found
2021-12-10 15:50:19,088 file.ManagerServant INFO Master manager not found
2021-12-10 15:50:34,014 file.ManagerServant INFO Master manager not found
2021-12-10 15:50:48,938 file.ManagerServant INFO Master manager not found
2021-12-10 15:51:03,872 file.ManagerServant INFO Master manager not found
2021-12-10 15:51:18,799 file.ManagerServant INFO Master manager not found
2021-12-10 15:51:33,735 file.ManagerServant INFO Master manager not found
2021-12-10 15:51:48,672 file.ManagerServant INFO Master manager not found
2021-12-10 15:52:03,608 file.ManagerServant INFO Master manager not found
2021-12-10 15:52:18,562 file.ManagerServant INFO Master manager not found
2021-12-10 15:52:33,511 file.ManagerServant INFO Master manager not found
2021-12-10 15:52:48,444 file.ManagerServant INFO Master manager not found
2021-12-10 15:53:03,384 file.ManagerServant INFO Master manager not found
2021-12-10 15:53:18,320 file.ManagerServant INFO Master manager not found
2021-12-10 15:53:33,274 file.ManagerServant INFO Master manager not found
2021-12-10 15:53:48,230 file.ManagerServant INFO Master manager not found
2021-12-10 15:54:03,168 file.ManagerServant INFO Master manager not found
2021-12-10 15:54:18,105 file.ManagerServant INFO Master manager not found
2021-12-10 15:54:33,046 file.ManagerServant INFO Master manager not found
2021-12-10 15:54:47,984 file.ManagerServant INFO Master manager not found
2021-12-10 15:55:02,926 file.ManagerServant INFO Master manager not found
2021-12-10 15:55:17,867 file.ManagerServant INFO Master manager not found
2021-12-10 15:55:32,805 file.ManagerServant INFO Master manager not found
2021-12-10 15:55:47,743 file.ManagerServant INFO Master manager not found
2021-12-10 15:56:02,683 file.ManagerServant INFO Master manager not found
2021-12-10 15:56:17,627 file.ManagerServant INFO Master manager not found
2021-12-10 15:56:32,569 file.ManagerServant INFO Master manager not found
2021-12-10 15:56:47,510 file.ManagerServant INFO Master manager not found
2021-12-10 15:57:02,444 file.ManagerServant INFO Master manager not found
2021-12-10 15:57:17,384 file.ManagerServant INFO Master manager not found
2021-12-10 15:57:32,321 file.ManagerServant INFO Master manager not found
2021-12-10 15:57:47,262 file.ManagerServant INFO Master manager not found
2021-12-10 15:58:02,200 file.ManagerServant INFO Master manager not found
2021-12-10 15:58:17,156 file.ManagerServant INFO Master manager not found
2021-12-10 15:58:32,096 file.ManagerServant INFO Master manager not found
2021-12-10 15:58:47,029 file.ManagerServant INFO Master manager not found
2021-12-10 15:59:01,963 file.ManagerServant INFO Master manager not found
2021-12-10 15:59:16,884 file.ManagerServant INFO Master manager not found
2021-12-10 15:59:31,809 file.ManagerServant INFO Master manager not found
2021-12-10 15:59:46,753 file.ManagerServant INFO Master manager not found
2021-12-10 16:00:01,676 file.ManagerServant INFO Master manager not found
2021-12-10 16:00:16,608 file.ManagerServant INFO Master manager not found
2021-12-10 16:00:31,552 file.ManagerServant INFO Master manager not found
2021-12-10 16:00:46,470 file.ManagerServant INFO Master manager not found
2021-12-10 16:01:01,395 file.ManagerServant INFO Master manager not found
2021-12-10 16:01:16,316 file.ManagerServant INFO Master manager not found
2021-12-10 16:01:31,244 file.ManagerServant INFO Master manager not found
2021-12-10 16:01:46,173 file.ManagerServant INFO Master manager not found
2021-12-10 16:02:01,101 file.ManagerServant INFO Master manager not found
2021-12-10 16:02:16,029 file.ManagerServant INFO Master manager not found
2021-12-10 16:02:30,963 file.ManagerServant INFO Master manager not found
2021-12-10 16:02:45,881 file.ManagerServant INFO Master manager not found
2021-12-10 16:03:00,816 file.ManagerServant INFO Master manager not found
2021-12-10 16:03:15,750 file.ManagerServant INFO Master manager not found
2021-12-10 16:03:30,684 file.ManagerServant INFO Master manager not found
2021-12-10 16:03:45,619 file.ManagerServant INFO Master manager not found
2021-12-10 16:04:00,552 file.ManagerServant INFO Master manager not found
2021-12-10 16:04:15,489 file.ManagerServant INFO Master manager not found
2021-12-10 16:04:30,428 file.ManagerServant INFO Master manager not found
2021-12-10 16:04:45,365 file.ManagerServant INFO Master manager not found
2021-12-10 16:05:00,312 file.ManagerServant INFO Master manager not found
2021-12-10 16:05:15,245 file.ManagerServant INFO Master manager not found
2021-12-10 16:05:30,172 file.ManagerServant INFO Master manager not found
2021-12-10 16:05:45,118 file.ManagerServant INFO Master manager not found
2021-12-10 16:06:00,054 file.ManagerServant INFO Master manager not found
2021-12-10 16:06:14,981 file.ManagerServant INFO Master manager not found
2021-12-10 16:06:29,912 file.ManagerServant INFO Master manager not found
2021-12-10 16:06:44,848 file.ManagerServant INFO Master manager not found
2021-12-10 16:06:59,770 file.ManagerServant INFO Master manager not found
2021-12-10 16:07:14,698 file.ManagerServant INFO Master manager not found
2021-12-10 16:07:29,651 file.ManagerServant INFO Master manager not found
2021-12-10 16:07:44,583 file.ManagerServant INFO Master manager not found
2021-12-10 16:07:59,515 file.ManagerServant INFO Master manager not found
2021-12-10 16:08:07,782 file.SdoServiceAdmin INFO SDO service has been deleted: c51423e4-ee3d-4593-8d8f-994aedede219
