2021-12-10 16:32:25,144 file.manager INFO 1.2.1
2021-12-10 16:32:25,144 file.manager INFO Copyright (C) 2003-2010
2021-12-10 16:32:25,144 file.manager INFO   Noriaki Ando
2021-12-10 16:32:25,144 file.manager INFO   Intelligent Systems Research Institute, AIST
2021-12-10 16:32:25,144 file.manager INFO Manager starting.
2021-12-10 16:32:25,144 file.manager INFO Starting local logging.
2021-12-10 16:32:25,148 file.manager.namingmanager INFO NameServer connection succeeded: corba/localhost
2021-12-10 16:32:29,226 file.ManagerServant INFO Master manager not found
2021-12-10 16:32:29,227 file.LocalServiceAdmin INFO All the local services are enabled.
2021-12-10 16:32:29,229 file.manager INFO Component type conf file: WebScraping2.conf loaded.
2021-12-10 16:32:29,237 file.ec_base INFO setRate(1000000.000000) done
2021-12-10 16:32:29,237 file.ec_base INFO setRate(1000.000000) done
2021-12-10 16:32:29,237 file.rtobject INFO 1 execution context was created.
2021-12-10 16:32:29,238 file.rtobject INFO Initial active configuration set is default.
2021-12-10 16:32:32,155 file.SdoServiceAdmin WARNING No available SDO service in the factory: 
2021-12-10 16:32:32,155 file.SdoServiceAdmin ERROR type  already exists.
2021-12-10 16:32:33,562 file.ec_base WARNING The component is not responding.
2021-12-10 16:32:33,562 file.ec_base ERROR Unknown error: Invalid state transition.
2021-12-10 16:32:43,985 file.ManagerServant INFO Master manager not found
2021-12-10 16:32:58,837 file.ManagerServant INFO Master manager not found
2021-12-10 16:33:03,686 file.rtobject ERROR Traceback (most recent call last):
  File "C:\Users\tbou3\AppData\Local\Programs\Python\Python37\lib\site-packages\OpenRTM_aist\RTObject.py", line 1370, in on_deactivated
    ret = self.onDeactivated(ec_id)
  File "C:\Users\tbou3\workspace\WebScraping2\WebScraping2.py", line 217, in onDeactivated
    driver.close()
NameError: name 'driver' is not defined

2021-12-10 16:33:03,767 file.ec_worker WARNING ExecutionContext is already stopped.
2021-12-10 16:33:03,768 file.ec_base ERROR Invoking on_shutdown() for each RTC failed.
