2021-12-10 14:38:19,866 file.manager INFO 1.2.1
2021-12-10 14:38:19,866 file.manager INFO Copyright (C) 2003-2010
2021-12-10 14:38:19,866 file.manager INFO   Noriaki Ando
2021-12-10 14:38:19,866 file.manager INFO   Intelligent Systems Research Institute, AIST
2021-12-10 14:38:19,866 file.manager INFO Manager starting.
2021-12-10 14:38:19,866 file.manager INFO Starting local logging.
2021-12-10 14:38:19,871 file.manager.namingmanager INFO NameServer connection succeeded: corba/localhost
2021-12-10 14:38:23,953 file.ManagerServant INFO Master manager not found
2021-12-10 14:38:23,961 file.LocalServiceAdmin INFO All the local services are enabled.
2021-12-10 14:38:23,979 file.manager INFO Component type conf file: WebScraping2.conf loaded.
2021-12-10 14:38:24,001 file.ec_base INFO setRate(1000000.000000) done
2021-12-10 14:38:24,002 file.ec_base INFO setRate(1000.000000) done
2021-12-10 14:38:24,006 file.rtobject INFO 1 execution context was created.
2021-12-10 14:38:24,012 file.rtobject INFO Initial active configuration set is default.
2021-12-10 14:38:38,733 file.ManagerServant INFO Master manager not found
2021-12-10 14:38:53,609 file.ManagerServant INFO Master manager not found
2021-12-10 14:39:08,522 file.ManagerServant INFO Master manager not found
2021-12-10 14:39:23,405 file.ManagerServant INFO Master manager not found
2021-12-10 14:39:38,293 file.ManagerServant INFO Master manager not found
2021-12-10 14:39:53,174 file.ManagerServant INFO Master manager not found
2021-12-10 14:40:08,025 file.ManagerServant INFO Master manager not found
2021-12-10 14:40:22,872 file.ManagerServant INFO Master manager not found
2021-12-10 14:40:37,719 file.ManagerServant INFO Master manager not found
2021-12-10 14:40:52,540 file.ManagerServant INFO Master manager not found
